<?xml version="1.0" encoding="UTF-8"?>
<testng-results skipped="0" failed="0" ignored="0" total="1" passed="1">
  <reporter-output>
  </reporter-output>
  <suite name="Default suite" duration-ms="11611" started-at="2018-07-18T23:27:26Z" finished-at="2018-07-18T23:27:38Z">
    <groups>
    </groups>
    <test name="Default test" duration-ms="11611" started-at="2018-07-18T23:27:26Z" finished-at="2018-07-18T23:27:38Z">
      <class name="webStepdef.WebTableStep">
        <test-method status="PASS" signature="getWebTable()[pri:0, instance:webStepdef.WebTableStep@2b98378d]" name="getWebTable" duration-ms="11570" started-at="2018-07-18T19:27:26Z" finished-at="2018-07-18T19:27:38Z">
          <reporter-output>
          </reporter-output>
        </test-method> <!-- getWebTable -->
      </class> <!-- webStepdef.WebTableStep -->
    </test> <!-- Default test -->
  </suite> <!-- Default suite -->
</testng-results>
